\BOOKMARK [0][-]{chapter.1}{\376\377\000C\000o\000n\000t\000e\000n\000t\000s}{}% 1
\BOOKMARK [1][-]{section.1.1}{\376\377\000U\000s\000a\000g\000e}{chapter.1}% 2
\BOOKMARK [2][-]{subsection.1.1.1}{\376\377\000I\000n\000s\000t\000a\000l\000l\000a\000t\000i\000o\000n}{section.1.1}% 3
\BOOKMARK [2][-]{subsection.1.1.2}{\376\377\000R\000e\000q\000u\000i\000r\000e\000m\000e\000n\000t\000s}{section.1.1}% 4
\BOOKMARK [1][-]{section.1.2}{\376\377\000t\000e\000s}{chapter.1}% 5
\BOOKMARK [2][-]{subsection.1.2.1}{\376\377\000t\000e\000s\000\040\000p\000a\000c\000k\000a\000g\000e}{section.1.2}% 6
\BOOKMARK [3][-]{subsubsection*.3}{\376\377\000S\000u\000b\000m\000o\000d\000u\000l\000e\000s}{subsection.1.2.1}% 7
\BOOKMARK [3][-]{subsubsection*.4}{\376\377\000t\000e\000s\000.\000a\000n\000a\000l\000y\000s\000i\000s\000\040\000m\000o\000d\000u\000l\000e}{subsection.1.2.1}% 8
\BOOKMARK [3][-]{subsubsection*.52}{\376\377\000t\000e\000s\000.\000b\000a\000s\000e\000\040\000m\000o\000d\000u\000l\000e}{subsection.1.2.1}% 9
\BOOKMARK [3][-]{subsubsection*.95}{\376\377\000t\000e\000s\000.\000c\000a\000l\000i\000b\000r\000a\000t\000i\000o\000n\000\040\000m\000o\000d\000u\000l\000e}{subsection.1.2.1}% 10
\BOOKMARK [3][-]{subsubsection*.106}{\376\377\000t\000e\000s\000.\000c\000o\000u\000n\000t\000s\000\040\000m\000o\000d\000u\000l\000e}{subsection.1.2.1}% 11
\BOOKMARK [3][-]{subsubsection*.115}{\376\377\000t\000e\000s\000.\000d\000a\000t\000a\000\040\000m\000o\000d\000u\000l\000e}{subsection.1.2.1}% 12
\BOOKMARK [3][-]{subsubsection*.125}{\376\377\000t\000e\000s\000.\000d\000a\000t\000a\000\137\000a\000c\000q\000u\000i\000s\000i\000t\000i\000o\000n\000\040\000m\000o\000d\000u\000l\000e}{subsection.1.2.1}% 13
\BOOKMARK [3][-]{subsubsection*.128}{\376\377\000t\000e\000s\000.\000f\000o\000l\000d\000e\000r\000\137\000m\000a\000n\000a\000g\000e\000m\000e\000n\000t\000\040\000m\000o\000d\000u\000l\000e}{subsection.1.2.1}% 14
\BOOKMARK [3][-]{subsubsection*.131}{\376\377\000t\000e\000s\000.\000m\000a\000p\000s\000\040\000m\000o\000d\000u\000l\000e}{subsection.1.2.1}% 15
\BOOKMARK [3][-]{subsubsection*.136}{\376\377\000t\000e\000s\000.\000m\000c\000a\000\040\000m\000o\000d\000u\000l\000e}{subsection.1.2.1}% 16
\BOOKMARK [3][-]{subsubsection*.192}{\376\377\000t\000e\000s\000.\000m\000c\000a\000\137\000c\000o\000n\000t\000r\000o\000l\000\040\000m\000o\000d\000u\000l\000e}{subsection.1.2.1}% 17
\BOOKMARK [3][-]{subsubsection*.198}{\376\377\000t\000e\000s\000.\000p\000r\000o\000t\000o\000c\000o\000l\000\040\000m\000o\000d\000u\000l\000e}{subsection.1.2.1}% 18
\BOOKMARK [3][-]{subsubsection*.206}{\376\377\000t\000e\000s\000.\000r\000e\000g\000i\000s\000t\000e\000r\000s\000\040\000m\000o\000d\000u\000l\000e}{subsection.1.2.1}% 19
\BOOKMARK [3][-]{subsubsection*.216}{\376\377\000t\000e\000s\000.\000t\000r\000a\000c\000e\000s\000\040\000m\000o\000d\000u\000l\000e}{subsection.1.2.1}% 20
\BOOKMARK [3][-]{subsubsection*.222}{\376\377\000M\000o\000d\000u\000l\000e\000\040\000c\000o\000n\000t\000e\000n\000t\000s}{subsection.1.2.1}% 21
\BOOKMARK [0][-]{chapter.2}{\376\377\000I\000n\000d\000i\000c\000e\000s\000\040\000a\000n\000d\000\040\000t\000a\000b\000l\000e\000s}{}% 22
\BOOKMARK [0][-]{section*.223}{\376\377\000P\000y\000t\000h\000o\000n\000\040\000M\000o\000d\000u\000l\000e\000\040\000I\000n\000d\000e\000x}{}% 23
\BOOKMARK [0][-]{section*.224}{\376\377\000I\000n\000d\000e\000x}{}% 24
